# JRE version: Java(TM) SE Runtime Environment (8.0_181-b13) (build 1.8.0_181-b13)
# Java VM: Java HotSpot(TM) 64-Bit Server VM (25.181-b13 mixed mode windows-amd64 compressed oops)
Heap:
 def new generation   total 33984K, used 5599K [0x00000000f0000000, 0x00000000f24d0000, 0x00000000f5550000)
  eden space 30272K,   6% used [0x00000000f0000000, 0x00000000f01d7cf0, 0x00000000f1d90000)
  from space 3712K,  99% used [0x00000000f2130000, 0x00000000f24cfff8, 0x00000000f24d0000)
  to   space 3712K,   0% used [0x00000000f1d90000, 0x00000000f1d90000, 0x00000000f2130000)
 tenured generation   total 174784K, used 129984K [0x00000000f5550000, 0x0000000100000000, 0x0000000100000000)
   the space 174784K,  74% used [0x00000000f5550000, 0x00000000fd4402e0, 0x00000000fd440400, 0x0000000100000000)
 Metaspace       used 31687K, capacity 32546K, committed 32896K, reserved 1077248K
  class space    used 3800K, capacity 4105K, committed 4224K, reserved 1048576K
GC Heap History (10 events):
Event: 82.012 GC heap before
{Heap before GC invocations=88 (full 7):
 def new generation   total 33984K, used 33983K [0x00000000f0000000, 0x00000000f24d0000, 0x00000000f5550000)
  eden space 30272K, 100% used [0x00000000f0000000, 0x00000000f1d90000, 0x00000000f1d90000)
  from space 3712K,  99% used [0x00000000f2130000, 0x00000000f24cfff8, 0x00000000f24d0000)
  to   space 3712K,   0% used [0x00000000f1d90000, 0x00000000f1d90000, 0x00000000f2130000)
 tenured generation   total 144320K, used 105862K [0x00000000f5550000, 0x00000000fe240000, 0x0000000100000000)
   the space 144320K,  73% used [0x00000000f5550000, 0x00000000fbcb18b0, 0x00000000fbcb1a00, 0x00000000fe240000)
 Metaspace       used 31633K, capacity 32482K, committed 32640K, reserved 1077248K
  class space    used 3799K, capacity 4105K, committed 4224K, reserved 1048576K
Event: 82.031 GC heap after
Heap after GC invocations=89 (full 7):
 def new generation   total 33984K, used 3712K [0x00000000f0000000, 0x00000000f24d0000, 0x00000000f5550000)
  eden space 30272K,   0% used [0x00000000f0000000, 0x00000000f0000000, 0x00000000f1d90000)
  from space 3712K, 100% used [0x00000000f1d90000, 0x00000000f2130000, 0x00000000f2130000)
  to   space 3712K,   0% used [0x00000000f2130000, 0x00000000f2130000, 0x00000000f24d0000)
 tenured generation   total 144320K, used 114701K [0x00000000f5550000, 0x00000000fe240000, 0x0000000100000000)
   the space 144320K,  79% used [0x00000000f5550000, 0x00000000fc5537b8, 0x00000000fc553800, 0x00000000fe240000)
 Metaspace       used 31633K, capacity 32482K, committed 32640K, reserved 1077248K
  class space    used 3799K, capacity 4105K, committed 4224K, reserved 1048576K
}
Event: 82.189 GC heap before
{Heap before GC invocations=89 (full 7):
 def new generation   total 33984K, used 33984K [0x00000000f0000000, 0x00000000f24d0000, 0x00000000f5550000)
  eden space 30272K, 100% used [0x00000000f0000000, 0x00000000f1d90000, 0x00000000f1d90000)
  from space 3712K, 100% used [0x00000000f1d90000, 0x00000000f2130000, 0x00000000f2130000)
  to   space 3712K,   0% used [0x00000000f2130000, 0x00000000f2130000, 0x00000000f24d0000)
 tenured generation   total 144320K, used 114701K [0x00000000f5550000, 0x00000000fe240000, 0x0000000100000000)
   the space 144320K,  79% used [0x00000000f5550000, 0x00000000fc5537b8, 0x00000000fc553800, 0x00000000fe240000)
 Metaspace       used 31634K, capacity 32546K, committed 32896K, reserved 1077248K
  class space    used 3799K, capacity 4105K, committed 4224K, reserved 1048576K
Event: 82.212 GC heap after
Heap after GC invocations=90 (full 7):
 def new generation   total 33984K, used 3157K [0x00000000f0000000, 0x00000000f24d0000, 0x00000000f5550000)
  eden space 30272K,   0% used [0x00000000f0000000, 0x00000000f0000000, 0x00000000f1d90000)
  from space 3712K,  85% used [0x00000000f2130000, 0x00000000f2445420, 0x00000000f24d0000)
  to   space 3712K,   0% used [0x00000000f1d90000, 0x00000000f1d90000, 0x00000000f2130000)
 tenured generation   total 144320K, used 136078K [0x00000000f5550000, 0x00000000fe240000, 0x0000000100000000)
   the space 144320K,  94% used [0x00000000f5550000, 0x00000000fda33bb0, 0x00000000fda33c00, 0x00000000fe240000)
 Metaspace       used 31634K, capacity 32546K, committed 32896K, reserved 1077248K
  class space    used 3799K, capacity 4105K, committed 4224K, reserved 1048576K
}
Event: 82.815 GC heap before
{Heap before GC invocations=90 (full 7):
 def new generation   total 33984K, used 33429K [0x00000000f0000000, 0x00000000f24d0000, 0x00000000f5550000)
  eden space 30272K, 100% used [0x00000000f0000000, 0x00000000f1d90000, 0x00000000f1d90000)
  from space 3712K,  85% used [0x00000000f2130000, 0x00000000f2445420, 0x00000000f24d0000)
  to   space 3712K,   0% used [0x00000000f1d90000, 0x00000000f1d90000, 0x00000000f2130000)
 tenured generation   total 144320K, used 136078K [0x00000000f5550000, 0x00000000fe240000, 0x0000000100000000)
   the space 144320K,  94% used [0x00000000f5550000, 0x00000000fda33bb0, 0x00000000fda33c00, 0x00000000fe240000)
 Metaspace       used 31635K, capacity 32546K, committed 32896K, reserved 1077248K
  class space    used 3799K, capacity 4105K, committed 4224K, reserved 1048576K
Event: 82.833 GC heap after
Heap after GC invocations=91 (full 7):
 def new generation   total 33984K, used 3712K [0x00000000f0000000, 0x00000000f24d0000, 0x00000000f5550000)
  eden space 30272K,   0% used [0x00000000f0000000, 0x00000000f0000000, 0x00000000f1d90000)
  from space 3712K, 100% used [0x00000000f1d90000, 0x00000000f2130000, 0x00000000f2130000)
  to   space 3712K,   0% used [0x00000000f2130000, 0x00000000f2130000, 0x00000000f24d0000)
 tenured generation   total 144320K, used 142262K [0x00000000f5550000, 0x00000000fe240000, 0x0000000100000000)
   the space 144320K,  98% used [0x00000000f5550000, 0x00000000fe03d910, 0x00000000fe03da00, 0x00000000fe240000)
 Metaspace       used 31635K, capacity 32546K, committed 32896K, reserved 1077248K
  class space    used 3799K, capacity 4105K, committed 4224K, reserved 1048576K
}
Event: 83.447 GC heap before
{Heap before GC invocations=91 (full 7):
 def new generation   total 33984K, used 33984K [0x00000000f0000000, 0x00000000f24d0000, 0x00000000f5550000)
  eden space 30272K, 100% used [0x00000000f0000000, 0x00000000f1d90000, 0x00000000f1d90000)
  from space 3712K, 100% used [0x00000000f1d90000, 0x00000000f2130000, 0x00000000f2130000)
  to   space 3712K,   0% used [0x00000000f2130000, 0x00000000f2130000, 0x00000000f24d0000)
 tenured generation   total 144320K, used 142262K [0x00000000f5550000, 0x00000000fe240000, 0x0000000100000000)
   the space 144320K,  98% used [0x00000000f5550000, 0x00000000fe03d910, 0x00000000fe03da00, 0x00000000fe240000)
 Metaspace       used 31635K, capacity 32546K, committed 32896K, reserved 1077248K
  class space    used 3799K, capacity 4105K, committed 4224K, reserved 1048576K
Event: 83.659 GC heap after
Heap after GC invocations=92 (full 8):
 def new generation   total 33984K, used 0K [0x00000000f0000000, 0x00000000f24d0000, 0x00000000f5550000)
  eden space 30272K,   0% used [0x00000000f0000000, 0x00000000f0000000, 0x00000000f1d90000)
  from space 3712K,   0% used [0x00000000f2130000, 0x00000000f2130000, 0x00000000f24d0000)
  to   space 3712K,   0% used [0x00000000f1d90000, 0x00000000f1d90000, 0x00000000f2130000)
 tenured generation   total 174784K, used 121624K [0x00000000f5550000, 0x0000000100000000, 0x0000000100000000)
   the space 174784K,  69% used [0x00000000f5550000, 0x00000000fcc16278, 0x00000000fcc16400, 0x0000000100000000)
 Metaspace       used 31635K, capacity 32546K, committed 32896K, reserved 1077248K
  class space    used 3799K, capacity 4105K, committed 4224K, reserved 1048576K
}
Event: 84.114 GC heap before
{Heap before GC invocations=92 (full 8):
 def new generation   total 33984K, used 30272K [0x00000000f0000000, 0x00000000f24d0000, 0x00000000f5550000)
  eden space 30272K, 100% used [0x00000000f0000000, 0x00000000f1d90000, 0x00000000f1d90000)
  from space 3712K,   0% used [0x00000000f2130000, 0x00000000f2130000, 0x00000000f24d0000)
  to   space 3712K,   0% used [0x00000000f1d90000, 0x00000000f1d90000, 0x00000000f2130000)
 tenured generation   total 174784K, used 121624K [0x00000000f5550000, 0x0000000100000000, 0x0000000100000000)
   the space 174784K,  69% used [0x00000000f5550000, 0x00000000fcc16278, 0x00000000fcc16400, 0x0000000100000000)
 Metaspace       used 31635K, capacity 32546K, committed 32896K, reserved 1077248K
  class space    used 3799K, capacity 4105K, committed 4224K, reserved 1048576K
Event: 84.125 GC heap after
Heap after GC invocations=93 (full 8):
 def new generation   total 33984K, used 3711K [0x00000000f0000000, 0x00000000f24d0000, 0x00000000f5550000)
  eden space 30272K,   0% used [0x00000000f0000000, 0x00000000f0000000, 0x00000000f1d90000)
  from space 3712K,  99% used [0x00000000f1d90000, 0x00000000f212fff8, 0x00000000f2130000)
  to   space 3712K,   0% used [0x00000000f2130000, 0x00000000f2130000, 0x00000000f24d0000)
 tenured generation   total 174784K, used 126273K [0x00000000f5550000, 0x0000000100000000, 0x0000000100000000)
   the space 174784K,  72% used [0x00000000f5550000, 0x00000000fd0a07a8, 0x00000000fd0a0800, 0x0000000100000000)
 Metaspace       used 31635K, capacity 32546K, committed 32896K, reserved 1077248K
  class space    used 3799K, capacity 4105K, committed 4224K, reserved 1048576K
}

