# JRE version: Java(TM) SE Runtime Environment (8.0_181-b13) (build 1.8.0_181-b13)
# Java VM: Java HotSpot(TM) 64-Bit Server VM (25.181-b13 mixed mode windows-amd64 compressed oops)
Heap:
 def new generation   total 9024K, used 7073K [0x00000000f0000000, 0x00000000f09c0000, 0x00000000f5550000)
  eden space 8064K,  87% used [0x00000000f0000000, 0x00000000f06e8528, 0x00000000f07e0000)
  from space 960K,   0% used [0x00000000f07e0000, 0x00000000f07e0000, 0x00000000f08d0000)
  to   space 960K,   0% used [0x00000000f08d0000, 0x00000000f08d0000, 0x00000000f09c0000)
 tenured generation   total 19848K, used 11908K [0x00000000f5550000, 0x00000000f68b2000, 0x0000000100000000)
   the space 19848K,  59% used [0x00000000f5550000, 0x00000000f60f1240, 0x00000000f60f1400, 0x00000000f68b2000)
 Metaspace       used 18330K, capacity 18726K, committed 18944K, reserved 1067008K
  class space    used 2125K, capacity 2252K, committed 2304K, reserved 1048576K
GC Heap History (10 events):
Event: 15.473 GC heap before
{Heap before GC invocations=40 (full 1):
 def new generation   total 6144K, used 5946K [0x00000000f0000000, 0x00000000f06a0000, 0x00000000f5550000)
  eden space 5504K, 100% used [0x00000000f0000000, 0x00000000f0560000, 0x00000000f0560000)
  from space 640K,  69% used [0x00000000f0600000, 0x00000000f066e9c8, 0x00000000f06a0000)
  to   space 640K,   0% used [0x00000000f0560000, 0x00000000f0560000, 0x00000000f0600000)
 tenured generation   total 13548K, used 11641K [0x00000000f5550000, 0x00000000f628b000, 0x0000000100000000)
   the space 13548K,  85% used [0x00000000f5550000, 0x00000000f60ae690, 0x00000000f60ae800, 0x00000000f628b000)
 Metaspace       used 17269K, capacity 17664K, committed 17792K, reserved 1064960K
  class space    used 2011K, capacity 2155K, committed 2176K, reserved 1048576K
Event: 15.477 GC heap after
Heap after GC invocations=41 (full 1):
 def new generation   total 6144K, used 640K [0x00000000f0000000, 0x00000000f06a0000, 0x00000000f5550000)
  eden space 5504K,   0% used [0x00000000f0000000, 0x00000000f0000000, 0x00000000f0560000)
  from space 640K, 100% used [0x00000000f0560000, 0x00000000f0600000, 0x00000000f0600000)
  to   space 640K,   0% used [0x00000000f0600000, 0x00000000f0600000, 0x00000000f06a0000)
 tenured generation   total 13548K, used 11816K [0x00000000f5550000, 0x00000000f628b000, 0x0000000100000000)
   the space 13548K,  87% used [0x00000000f5550000, 0x00000000f60da178, 0x00000000f60da200, 0x00000000f628b000)
 Metaspace       used 17269K, capacity 17664K, committed 17792K, reserved 1064960K
  class space    used 2011K, capacity 2155K, committed 2176K, reserved 1048576K
}
Event: 15.824 GC heap before
{Heap before GC invocations=41 (full 1):
 def new generation   total 6144K, used 6144K [0x00000000f0000000, 0x00000000f06a0000, 0x00000000f5550000)
  eden space 5504K, 100% used [0x00000000f0000000, 0x00000000f0560000, 0x00000000f0560000)
  from space 640K, 100% used [0x00000000f0560000, 0x00000000f0600000, 0x00000000f0600000)
  to   space 640K,   0% used [0x00000000f0600000, 0x00000000f0600000, 0x00000000f06a0000)
 tenured generation   total 13548K, used 11816K [0x00000000f5550000, 0x00000000f628b000, 0x0000000100000000)
   the space 13548K,  87% used [0x00000000f5550000, 0x00000000f60da178, 0x00000000f60da200, 0x00000000f628b000)
 Metaspace       used 17284K, capacity 17734K, committed 18048K, reserved 1064960K
  class space    used 2012K, capacity 2156K, committed 2176K, reserved 1048576K
Event: 15.827 GC heap after
Heap after GC invocations=42 (full 1):
 def new generation   total 6144K, used 640K [0x00000000f0000000, 0x00000000f06a0000, 0x00000000f5550000)
  eden space 5504K,   0% used [0x00000000f0000000, 0x00000000f0000000, 0x00000000f0560000)
  from space 640K, 100% used [0x00000000f0600000, 0x00000000f06a0000, 0x00000000f06a0000)
  to   space 640K,   0% used [0x00000000f0560000, 0x00000000f0560000, 0x00000000f0600000)
 tenured generation   total 13548K, used 11953K [0x00000000f5550000, 0x00000000f628b000, 0x0000000100000000)
   the space 13548K,  88% used [0x00000000f5550000, 0x00000000f60fc730, 0x00000000f60fc800, 0x00000000f628b000)
 Metaspace       used 17284K, capacity 17734K, committed 18048K, reserved 1064960K
  class space    used 2012K, capacity 2156K, committed 2176K, reserved 1048576K
}
Event: 15.867 GC heap before
{Heap before GC invocations=42 (full 1):
 def new generation   total 6144K, used 6144K [0x00000000f0000000, 0x00000000f06a0000, 0x00000000f5550000)
  eden space 5504K, 100% used [0x00000000f0000000, 0x00000000f0560000, 0x00000000f0560000)
  from space 640K, 100% used [0x00000000f0600000, 0x00000000f06a0000, 0x00000000f06a0000)
  to   space 640K,   0% used [0x00000000f0560000, 0x00000000f0560000, 0x00000000f0600000)
 tenured generation   total 13548K, used 11953K [0x00000000f5550000, 0x00000000f628b000, 0x0000000100000000)
   the space 13548K,  88% used [0x00000000f5550000, 0x00000000f60fc730, 0x00000000f60fc800, 0x00000000f628b000)
 Metaspace       used 17316K, capacity 17798K, committed 18048K, reserved 1064960K
  class space    used 2012K, capacity 2156K, committed 2176K, reserved 1048576K
Event: 15.870 GC heap after
Heap after GC invocations=43 (full 1):
 def new generation   total 6144K, used 639K [0x00000000f0000000, 0x00000000f06a0000, 0x00000000f5550000)
  eden space 5504K,   0% used [0x00000000f0000000, 0x00000000f0000000, 0x00000000f0560000)
  from space 640K,  99% used [0x00000000f0560000, 0x00000000f05ffff8, 0x00000000f0600000)
  to   space 640K,   0% used [0x00000000f0600000, 0x00000000f0600000, 0x00000000f06a0000)
 tenured generation   total 13548K, used 12156K [0x00000000f5550000, 0x00000000f628b000, 0x0000000100000000)
   the space 13548K,  89% used [0x00000000f5550000, 0x00000000f612f258, 0x00000000f612f400, 0x00000000f628b000)
 Metaspace       used 17316K, capacity 17798K, committed 18048K, reserved 1064960K
  class space    used 2012K, capacity 2156K, committed 2176K, reserved 1048576K
}
Event: 15.959 GC heap before
{Heap before GC invocations=43 (full 1):
 def new generation   total 6144K, used 6143K [0x00000000f0000000, 0x00000000f06a0000, 0x00000000f5550000)
  eden space 5504K, 100% used [0x00000000f0000000, 0x00000000f0560000, 0x00000000f0560000)
  from space 640K,  99% used [0x00000000f0560000, 0x00000000f05ffff8, 0x00000000f0600000)
  to   space 640K,   0% used [0x00000000f0600000, 0x00000000f0600000, 0x00000000f06a0000)
 tenured generation   total 13548K, used 12156K [0x00000000f5550000, 0x00000000f628b000, 0x0000000100000000)
   the space 13548K,  89% used [0x00000000f5550000, 0x00000000f612f258, 0x00000000f612f400, 0x00000000f628b000)
 Metaspace       used 17322K, capacity 17798K, committed 18048K, reserved 1064960K
  class space    used 2012K, capacity 2156K, committed 2176K, reserved 1048576K
Event: 15.964 GC heap after
Heap after GC invocations=44 (full 1):
 def new generation   total 6144K, used 640K [0x00000000f0000000, 0x00000000f06a0000, 0x00000000f5550000)
  eden space 5504K,   0% used [0x00000000f0000000, 0x00000000f0000000, 0x00000000f0560000)
  from space 640K, 100% used [0x00000000f0600000, 0x00000000f06a0000, 0x00000000f06a0000)
  to   space 640K,   0% used [0x00000000f0560000, 0x00000000f0560000, 0x00000000f0600000)
 tenured generation   total 13548K, used 12846K [0x00000000f5550000, 0x00000000f628b000, 0x0000000100000000)
   the space 13548K,  94% used [0x00000000f5550000, 0x00000000f61dbbc0, 0x00000000f61dbc00, 0x00000000f628b000)
 Metaspace       used 17322K, capacity 17798K, committed 18048K, reserved 1064960K
  class space    used 2012K, capacity 2156K, committed 2176K, reserved 1048576K
}
Event: 16.009 GC heap before
{Heap before GC invocations=44 (full 1):
 def new generation   total 6144K, used 6144K [0x00000000f0000000, 0x00000000f06a0000, 0x00000000f5550000)
  eden space 5504K, 100% used [0x00000000f0000000, 0x00000000f0560000, 0x00000000f0560000)
  from space 640K, 100% used [0x00000000f0600000, 0x00000000f06a0000, 0x00000000f06a0000)
  to   space 640K,   0% used [0x00000000f0560000, 0x00000000f0560000, 0x00000000f0600000)
 tenured generation   total 13548K, used 12846K [0x00000000f5550000, 0x00000000f628b000, 0x0000000100000000)
   the space 13548K,  94% used [0x00000000f5550000, 0x00000000f61dbbc0, 0x00000000f61dbc00, 0x00000000f628b000)
 Metaspace       used 17332K, capacity 17798K, committed 18048K, reserved 1064960K
  class space    used 2012K, capacity 2156K, committed 2176K, reserved 1048576K
Event: 16.057 GC heap after
Heap after GC invocations=45 (full 2):
 def new generation   total 9024K, used 0K [0x00000000f0000000, 0x00000000f09c0000, 0x00000000f5550000)
  eden space 8064K,   0% used [0x00000000f0000000, 0x00000000f0000000, 0x00000000f07e0000)
  from space 960K,   0% used [0x00000000f07e0000, 0x00000000f07e0000, 0x00000000f08d0000)
  to   space 960K,   0% used [0x00000000f08d0000, 0x00000000f08d0000, 0x00000000f09c0000)
 tenured generation   total 19848K, used 11908K [0x00000000f5550000, 0x00000000f68b2000, 0x0000000100000000)
   the space 19848K,  59% used [0x00000000f5550000, 0x00000000f60f1240, 0x00000000f60f1400, 0x00000000f68b2000)
 Metaspace       used 17332K, capacity 17798K, committed 18048K, reserved 1064960K
  class space    used 2012K, capacity 2156K, committed 2176K, reserved 1048576K
}

